#
# There is insufficient memory for the Java Runtime Environment to continue.
# Cannot create GC thread. Out of system resources.
# Possible reasons:
#   The system is out of physical RAM or swap space
#   In 32 bit mode, the process size limit was hit
# Possible solutions:
#   Reduce memory load on the system
#   Increase physical memory or swap space
#   Check if swap backing store is full
#   Use 64 bit Java on a 64 bit OS
#   Decrease Java heap size (-Xmx/-Xms)
#   Decrease number of Java threads
#   Decrease Java thread stack sizes (-Xss)
#   Set larger code cache with -XX:ReservedCodeCacheSize=
# This output file may be truncated or incomplete.
#
#  Out of Memory Error (gcTaskThread.cpp:46), pid=14011, tid=140697711068928
#
# JRE version: 6.0_22-b22
# Java VM: OpenJDK 64-Bit Server VM (20.0-b11 mixed mode linux-amd64 compressed oops)
# Derivative: IcedTea6 1.10.6
# Distribution: Fedora release 15 (Lovelock), package fedora-63.1.10.6.fc15-x86_64

---------------  T H R E A D  ---------------

Current thread (0x00007ff6b4006000):  JavaThread "Unknown thread" [_thread_in_vm, id=14012, stack(0x00007ff6bd06c000,0x00007ff6bd16d000)]

Stack: [0x00007ff6bd06c000,0x00007ff6bd16d000],  sp=0x00007ff6bd16b690,  free space=1021k
Native frames: (J=compiled Java code, j=interpreted, Vv=VM code, C=native code)
V  [libjvm.so+0x784e55]  JVM_handle_linux_signal+0x132205
V  [libjvm.so+0x7850c9]  JVM_handle_linux_signal+0x132479
V  [libjvm.so+0x3ba53d]  ftell+0x3ba53d
V  [libjvm.so+0x43611a]  AsyncGetCallTrace+0x2775a
V  [libjvm.so+0x4354eb]  AsyncGetCallTrace+0x26b2b
V  [libjvm.so+0x66424b]  JVM_handle_linux_signal+0x115fb
V  [libjvm.so+0x75fb4a]  JVM_handle_linux_signal+0x10cefa
V  [libjvm.so+0x75fe8a]  JVM_handle_linux_signal+0x10d23a
V  [libjvm.so+0x472cea]  AsyncGetCallTrace+0x6432a
V  [libjvm.so+0x74bc8a]  JVM_handle_linux_signal+0xf903a
V  [libjvm.so+0x4cff02]  JNI_CreateJavaVM+0x62
C  [java+0x2ece]  JavaMain+0x7e


---------------  P R O C E S S  ---------------

Java Threads: ( => current thread )

Other Threads:

=>0x00007ff6b4006000 (exited) JavaThread "Unknown thread" [_thread_in_vm, id=14012, stack(0x00007ff6bd06c000,0x00007ff6bd16d000)]

VM state:not at safepoint (not fully initialized)

VM Mutex/Monitor currently owned by a thread: None

Dynamic libraries:
00400000-00408000 r-xp 00000000 08:02 2029329                            /usr/lib/jvm/java-1.6.0-openjdk-1.6.0.0.x86_64/jre/bin/java
00608000-00609000 rw-p 00008000 08:02 2029329                            /usr/lib/jvm/java-1.6.0-openjdk-1.6.0.0.x86_64/jre/bin/java
01c2a000-01c4b000 rw-p 00000000 00:00 0                                  [heap]
6fac00000-6fc0c0000 rw-p 00000000 00:00 0 
6fc0c0000-705200000 rw-p 00000000 00:00 0 
705200000-70f940000 rw-p 00000000 00:00 0 
70f940000-7ac600000 rw-p 00000000 00:00 0 
7ac600000-7b1990000 rw-p 00000000 00:00 0 
7b1990000-800000000 rw-p 00000000 00:00 0 
7ff6b1000000-7ff6b1270000 rwxp 00000000 00:00 0 
7ff6b1270000-7ff6b4031000 rw-p 00000000 00:00 0 
7ff6b4031000-7ff6b8000000 ---p 00000000 00:00 0 
7ff6b957b000-7ff6b957c000 ---p 00000000 00:00 0 
7ff6b957c000-7ff6b967c000 rw-p 00000000 00:00 0 
7ff6b967c000-7ff6b967d000 ---p 00000000 00:00 0 
7ff6b967d000-7ff6b9788000 rw-p 00000000 00:00 0 
7ff6b9788000-7ff6b97d0000 rw-p 00000000 00:00 0 
7ff6b97d0000-7ff6b9824000 rw-p 00000000 00:00 0 
7ff6b9824000-7ff6b9d0a000 rw-p 00000000 00:00 0 
7ff6b9d0a000-7ff6b9d15000 rw-p 00000000 00:00 0 
7ff6b9d15000-7ff6b9d5d000 rw-p 00000000 00:00 0 
7ff6b9d5d000-7ff6b9db1000 rw-p 00000000 00:00 0 
7ff6b9db1000-7ff6ba297000 rw-p 00000000 00:00 0 
7ff6ba297000-7ff6ba2c1000 rw-p 00000000 00:00 0 
7ff6ba2c1000-7ff6ba534000 rw-p 00000000 00:00 0 
7ff6ba534000-7ff6ba53f000 rw-p 00000000 00:00 0 
7ff6ba53f000-7ff6ba5f5000 rw-p 00000000 00:00 0 
7ff6ba5f5000-7ff6ba5fc000 r-xp 00000000 08:02 2031088                    /usr/lib/jvm/java-1.6.0-openjdk-1.6.0.0.x86_64/jre/lib/amd64/libzip.so
7ff6ba5fc000-7ff6ba7fb000 ---p 00007000 08:02 2031088                    /usr/lib/jvm/java-1.6.0-openjdk-1.6.0.0.x86_64/jre/lib/amd64/libzip.so
7ff6ba7fb000-7ff6ba7fc000 rw-p 00006000 08:02 2031088                    /usr/lib/jvm/java-1.6.0-openjdk-1.6.0.0.x86_64/jre/lib/amd64/libzip.so
7ff6ba7fc000-7ff6ba812000 r-xp 00000000 08:02 1938177                    /lib64/libnsl-2.14.1.so
7ff6ba812000-7ff6baa11000 ---p 00016000 08:02 1938177                    /lib64/libnsl-2.14.1.so
7ff6baa11000-7ff6baa12000 r--p 00015000 08:02 1938177                    /lib64/libnsl-2.14.1.so
7ff6baa12000-7ff6baa13000 rw-p 00016000 08:02 1938177                    /lib64/libnsl-2.14.1.so
7ff6baa13000-7ff6baa15000 rw-p 00000000 00:00 0 
7ff6baa15000-7ff6baa41000 r-xp 00000000 08:02 2030363                    /usr/lib/jvm/java-1.6.0-openjdk-1.6.0.0.x86_64/jre/lib/amd64/libjava.so
7ff6baa41000-7ff6bac40000 ---p 0002c000 08:02 2030363                    /usr/lib/jvm/java-1.6.0-openjdk-1.6.0.0.x86_64/jre/lib/amd64/libjava.so
7ff6bac40000-7ff6bac44000 rw-p 0002b000 08:02 2030363                    /usr/lib/jvm/java-1.6.0-openjdk-1.6.0.0.x86_64/jre/lib/amd64/libjava.so
7ff6bac44000-7ff6bac52000 r-xp 00000000 08:02 2030480                    /usr/lib/jvm/java-1.6.0-openjdk-1.6.0.0.x86_64/jre/lib/amd64/libverify.so
7ff6bac52000-7ff6bae51000 ---p 0000e000 08:02 2030480                    /usr/lib/jvm/java-1.6.0-openjdk-1.6.0.0.x86_64/jre/lib/amd64/libverify.so
7ff6bae51000-7ff6bae53000 rw-p 0000d000 08:02 2030480                    /usr/lib/jvm/java-1.6.0-openjdk-1.6.0.0.x86_64/jre/lib/amd64/libverify.so
7ff6bae53000-7ff6bae5a000 r-xp 00000000 08:02 1938195                    /lib64/librt-2.14.1.so
7ff6bae5a000-7ff6bb059000 ---p 00007000 08:02 1938195                    /lib64/librt-2.14.1.so
7ff6bb059000-7ff6bb05a000 r--p 00006000 08:02 1938195                    /lib64/librt-2.14.1.so
7ff6bb05a000-7ff6bb05b000 rw-p 00007000 08:02 1938195                    /lib64/librt-2.14.1.so
7ff6bb05b000-7ff6bb070000 r-xp 00000000 08:02 1938842                    /lib64/libgcc_s-4.6.1-20110908.so.1
7ff6bb070000-7ff6bb26f000 ---p 00015000 08:02 1938842                    /lib64/libgcc_s-4.6.1-20110908.so.1
7ff6bb26f000-7ff6bb270000 rw-p 00014000 08:02 1938842                    /lib64/libgcc_s-4.6.1-20110908.so.1
7ff6bb270000-7ff6bb2f3000 r-xp 00000000 08:02 1938175                    /lib64/libm-2.14.1.so
7ff6bb2f3000-7ff6bb4f2000 ---p 00083000 08:02 1938175                    /lib64/libm-2.14.1.so
7ff6bb4f2000-7ff6bb4f3000 r--p 00082000 08:02 1938175                    /lib64/libm-2.14.1.so
7ff6bb4f3000-7ff6bb4f4000 rw-p 00083000 08:02 1938175                    /lib64/libm-2.14.1.so
7ff6bb4f4000-7ff6bb5dc000 r-xp 00000000 08:02 2054659                    /usr/lib64/libstdc++.so.6.0.16
7ff6bb5dc000-7ff6bb7dc000 ---p 000e8000 08:02 2054659                    /usr/lib64/libstdc++.so.6.0.16
7ff6bb7dc000-7ff6bb7e4000 r--p 000e8000 08:02 2054659                    /usr/lib64/libstdc++.so.6.0.16
7ff6bb7e4000-7ff6bb7e6000 rw-p 000f0000 08:02 2054659                    /usr/lib64/libstdc++.so.6.0.16
7ff6bb7e6000-7ff6bb7fb000 rw-p 00000000 00:00 0 
7ff6bb7fb000-7ff6bc100000 r-xp 00000000 08:02 2030772                    /usr/lib/jvm/java-1.6.0-openjdk-1.6.0.0.x86_64/jre/lib/amd64/server/libjvm.so
7ff6bc100000-7ff6bc300000 ---p 00905000 08:02 2030772                    /usr/lib/jvm/java-1.6.0-openjdk-1.6.0.0.x86_64/jre/lib/amd64/server/libjvm.so
7ff6bc300000-7ff6bc39b000 rw-p 00905000 08:02 2030772                    /usr/lib/jvm/java-1.6.0-openjdk-1.6.0.0.x86_64/jre/lib/amd64/server/libjvm.so
7ff6bc39b000-7ff6bc3c4000 rw-p 00000000 00:00 0 
7ff6bc3c4000-7ff6bc554000 r-xp 00000000 08:02 1938167                    /lib64/libc-2.14.1.so
7ff6bc554000-7ff6bc753000 ---p 00190000 08:02 1938167                    /lib64/libc-2.14.1.so
7ff6bc753000-7ff6bc757000 r--p 0018f000 08:02 1938167                    /lib64/libc-2.14.1.so
7ff6bc757000-7ff6bc758000 rw-p 00193000 08:02 1938167                    /lib64/libc-2.14.1.so
7ff6bc758000-7ff6bc75e000 rw-p 00000000 00:00 0 
7ff6bc75e000-7ff6bc760000 r-xp 00000000 08:02 1938173                    /lib64/libdl-2.14.1.so
7ff6bc760000-7ff6bc960000 ---p 00002000 08:02 1938173                    /lib64/libdl-2.14.1.so
7ff6bc960000-7ff6bc961000 r--p 00002000 08:02 1938173                    /lib64/libdl-2.14.1.so
7ff6bc961000-7ff6bc962000 rw-p 00003000 08:02 1938173                    /lib64/libdl-2.14.1.so
7ff6bc962000-7ff6bc966000 r-xp 00000000 08:02 2030276                    /usr/lib/jvm/java-1.6.0-openjdk-1.6.0.0.x86_64/jre/lib/amd64/jli/libjli.so
7ff6bc966000-7ff6bcb65000 ---p 00004000 08:02 2030276                    /usr/lib/jvm/java-1.6.0-openjdk-1.6.0.0.x86_64/jre/lib/amd64/jli/libjli.so
7ff6bcb65000-7ff6bcb66000 rw-p 00003000 08:02 2030276                    /usr/lib/jvm/java-1.6.0-openjdk-1.6.0.0.x86_64/jre/lib/amd64/jli/libjli.so
7ff6bcb66000-7ff6bcb7c000 r-xp 00000000 08:02 1938191                    /lib64/libpthread-2.14.1.so
7ff6bcb7c000-7ff6bcd7b000 ---p 00016000 08:02 1938191                    /lib64/libpthread-2.14.1.so
7ff6bcd7b000-7ff6bcd7c000 r--p 00015000 08:02 1938191                    /lib64/libpthread-2.14.1.so
7ff6bcd7c000-7ff6bcd7d000 rw-p 00016000 08:02 1938191                    /lib64/libpthread-2.14.1.so
7ff6bcd7d000-7ff6bcd81000 rw-p 00000000 00:00 0 
7ff6bcd81000-7ff6bcd97000 r-xp 00000000 08:02 1938200                    /lib64/libz.so.1.2.5
7ff6bcd97000-7ff6bcf97000 ---p 00016000 08:02 1938200                    /lib64/libz.so.1.2.5
7ff6bcf97000-7ff6bcf98000 rw-p 00016000 08:02 1938200                    /lib64/libz.so.1.2.5
7ff6bcf98000-7ff6bcfb7000 r-xp 00000000 08:02 1938223                    /lib64/ld-2.14.1.so
7ff6bd002000-7ff6bd06c000 r--s 00000000 00:11 1033729                    /run/nscd/dbzIss4J (deleted)
7ff6bd06c000-7ff6bd06f000 ---p 00000000 00:00 0 
7ff6bd06f000-7ff6bd172000 rw-p 00000000 00:00 0 
7ff6bd1ab000-7ff6bd1b3000 rw-s 00000000 08:02 556878                     /tmp/hsperfdata_budgaga/14011
7ff6bd1b3000-7ff6bd1b4000 rw-p 00000000 00:00 0 
7ff6bd1b4000-7ff6bd1b5000 r--p 00000000 00:00 0 
7ff6bd1b5000-7ff6bd1b6000 rw-p 00000000 00:00 0 
7ff6bd1b6000-7ff6bd1b7000 r--p 0001e000 08:02 1938223                    /lib64/ld-2.14.1.so
7ff6bd1b7000-7ff6bd1b8000 rw-p 0001f000 08:02 1938223                    /lib64/ld-2.14.1.so
7ff6bd1b8000-7ff6bd1b9000 rw-p 00000000 00:00 0 
7fff0f92b000-7fff0f94c000 rw-p 00000000 00:00 0                          [stack]
7fff0f983000-7fff0f984000 r-xp 00000000 00:00 0                          [vdso]
ffffffffff600000-ffffffffff601000 r-xp 00000000 00:00 0                  [vsyscall]

VM Arguments:
java_command: cs455/scaling/client/Client endive 8000 4
Launcher Type: SUN_STANDARD

Environment Variables:
PATH=/s/chopin/b/grad/budgaga/bin:/usr/ucb:/bin:/usr/bin:/usr/local/bin:/usr/bin/X11:/usr/X/bin:/usr/local/java/bin:/s/chopin/f/proj/eclipse:.
USERNAME=budgaga
LD_LIBRARY_PATH=/usr/lib/jvm/java-1.6.0-openjdk-1.6.0.0.x86_64/jre/lib/amd64/server:/usr/lib/jvm/java-1.6.0-openjdk-1.6.0.0.x86_64/jre/lib/amd64:/usr/lib/jvm/java-1.6.0-openjdk-1.6.0.0.x86_64/jre/../lib/amd64
SHELL=/bin/tcsh
DISPLAY=:0.0
HOSTTYPE=x86_64-linux
OSTYPE=linux
MACHTYPE=x86_64

Signal Handlers:
SIGSEGV: [libjvm.so+0x785a80], sa_mask[0]=0x7ffbfeff, sa_flags=0x10000004
SIGBUS: [libjvm.so+0x785a80], sa_mask[0]=0x7ffbfeff, sa_flags=0x10000004
SIGFPE: [libjvm.so+0x64a710], sa_mask[0]=0x7ffbfeff, sa_flags=0x10000004
SIGPIPE: [libjvm.so+0x64a710], sa_mask[0]=0x7ffbfeff, sa_flags=0x10000004
SIGXFSZ: [libjvm.so+0x64a710], sa_mask[0]=0x7ffbfeff, sa_flags=0x10000004
SIGILL: [libjvm.so+0x64a710], sa_mask[0]=0x7ffbfeff, sa_flags=0x10000004
SIGUSR1: SIG_DFL, sa_mask[0]=0x00000000, sa_flags=0x00000000
SIGUSR2: [libjvm.so+0x64a8a0], sa_mask[0]=0x00000000, sa_flags=0x10000004
SIGHUP: SIG_DFL, sa_mask[0]=0x00000000, sa_flags=0x00000000
SIGINT: SIG_DFL, sa_mask[0]=0x00000000, sa_flags=0x00000000
SIGTERM: SIG_DFL, sa_mask[0]=0x00000000, sa_flags=0x00000000
SIGQUIT: SIG_DFL, sa_mask[0]=0x00000000, sa_flags=0x00000000


---------------  S Y S T E M  ---------------

OS:Fedora release 15 (Lovelock)

uname:Linux 2.6.42.7-1.fc15.x86_64 #1 SMP Tue Feb 21 01:22:05 UTC 2012 x86_64
libc:glibc 2.14.1 NPTL 2.14.1 
rlimit: STACK 8192k, CORE 0k, NPROC 1024, NOFILE 4096, AS 15728641k
load average:3.72 3.60 3.34

/proc/meminfo:
MemTotal:       16436020 kB
MemFree:         7795952 kB
Buffers:          250600 kB
Cached:          4808036 kB
SwapCached:            0 kB
Active:          5570336 kB
Inactive:        2483768 kB
Active(anon):    3000032 kB
Inactive(anon):     4888 kB
Active(file):    2570304 kB
Inactive(file):  2478880 kB
Unevictable:           0 kB
Mlocked:               0 kB
SwapTotal:      16787888 kB
SwapFree:       16787888 kB
Dirty:              2008 kB
Writeback:             0 kB
AnonPages:       2995500 kB
Mapped:           137204 kB
Shmem:              9372 kB
Slab:             309452 kB
SReclaimable:     262284 kB
SUnreclaim:        47168 kB
KernelStack:       10104 kB
PageTables:        36732 kB
NFS_Unstable:          0 kB
Bounce:                0 kB
WritebackTmp:          0 kB
CommitLimit:    25005896 kB
Committed_AS:   17203292 kB
VmallocTotal:   34359738367 kB
VmallocUsed:      357756 kB
VmallocChunk:   34359375868 kB
HardwareCorrupted:     0 kB
AnonHugePages:   2232320 kB
HugePages_Total:       0
HugePages_Free:        0
HugePages_Rsvd:        0
HugePages_Surp:        0
Hugepagesize:       2048 kB
DirectMap4k:      184072 kB
DirectMap2M:    16592896 kB


CPU:total 8 (4 cores per cpu, 1 threads per core) family 6 model 23 stepping 6, cmov, cx8, fxsr, mmx, sse, sse2, sse3, ssse3, sse4.1

Memory: 4k page, physical 16436020k(7795952k free), swap 16787888k(16787888k free)

vm_info: OpenJDK 64-Bit Server VM (20.0-b11) for linux-amd64 JRE (1.6.0_22-b22), built on Feb 15 2012 07:55:22 by "mockbuild" with gcc 4.6.1 20110908 (Red Hat 4.6.1-9)

time: Mon Mar 12 17:10:50 2012
elapsed time: 0 seconds

