#
# There is insufficient memory for the Java Runtime Environment to continue.
# Cannot create GC thread. Out of system resources.
# Possible reasons:
#   The system is out of physical RAM or swap space
#   In 32 bit mode, the process size limit was hit
# Possible solutions:
#   Reduce memory load on the system
#   Increase physical memory or swap space
#   Check if swap backing store is full
#   Use 64 bit Java on a 64 bit OS
#   Decrease Java heap size (-Xmx/-Xms)
#   Decrease number of Java threads
#   Decrease Java thread stack sizes (-Xss)
#   Set larger code cache with -XX:ReservedCodeCacheSize=
# This output file may be truncated or incomplete.
#
#  Out of Memory Error (gcTaskThread.cpp:46), pid=13964, tid=140162708952832
#
# JRE version: 6.0_22-b22
# Java VM: OpenJDK 64-Bit Server VM (20.0-b11 mixed mode linux-amd64 compressed oops)
# Derivative: IcedTea6 1.10.6
# Distribution: Fedora release 15 (Lovelock), package fedora-63.1.10.6.fc15-x86_64

---------------  T H R E A D  ---------------

Current thread (0x00007f7a24006000):  JavaThread "Unknown thread" [_thread_in_vm, id=13965, stack(0x00007f7a2c6a5000,0x00007f7a2c7a6000)]

Stack: [0x00007f7a2c6a5000,0x00007f7a2c7a6000],  sp=0x00007f7a2c7a4690,  free space=1021k
Native frames: (J=compiled Java code, j=interpreted, Vv=VM code, C=native code)
V  [libjvm.so+0x784e55]  JVM_handle_linux_signal+0x132205
V  [libjvm.so+0x7850c9]  JVM_handle_linux_signal+0x132479
V  [libjvm.so+0x3ba53d]  ftell+0x3ba53d
V  [libjvm.so+0x43611a]  AsyncGetCallTrace+0x2775a
V  [libjvm.so+0x4354eb]  AsyncGetCallTrace+0x26b2b
V  [libjvm.so+0x66424b]  JVM_handle_linux_signal+0x115fb
V  [libjvm.so+0x75fb4a]  JVM_handle_linux_signal+0x10cefa
V  [libjvm.so+0x75fe8a]  JVM_handle_linux_signal+0x10d23a
V  [libjvm.so+0x472cea]  AsyncGetCallTrace+0x6432a
V  [libjvm.so+0x74bc8a]  JVM_handle_linux_signal+0xf903a
V  [libjvm.so+0x4cff02]  JNI_CreateJavaVM+0x62
C  [java+0x2ece]  JavaMain+0x7e


---------------  P R O C E S S  ---------------

Java Threads: ( => current thread )

Other Threads:

=>0x00007f7a24006000 (exited) JavaThread "Unknown thread" [_thread_in_vm, id=13965, stack(0x00007f7a2c6a5000,0x00007f7a2c7a6000)]

VM state:not at safepoint (not fully initialized)

VM Mutex/Monitor currently owned by a thread: None

Dynamic libraries:
00400000-00408000 r-xp 00000000 08:02 2029329                            /usr/lib/jvm/java-1.6.0-openjdk-1.6.0.0.x86_64/jre/bin/java
00608000-00609000 rw-p 00008000 08:02 2029329                            /usr/lib/jvm/java-1.6.0-openjdk-1.6.0.0.x86_64/jre/bin/java
01d0b000-01d2c000 rw-p 00000000 00:00 0                                  [heap]
6fac00000-6fc0c0000 rw-p 00000000 00:00 0 
6fc0c0000-705200000 rw-p 00000000 00:00 0 
705200000-70f940000 rw-p 00000000 00:00 0 
70f940000-7ac600000 rw-p 00000000 00:00 0 
7ac600000-7b1990000 rw-p 00000000 00:00 0 
7b1990000-800000000 rw-p 00000000 00:00 0 
7f7a21000000-7f7a21270000 rwxp 00000000 00:00 0 
7f7a21270000-7f7a24033000 rw-p 00000000 00:00 0 
7f7a24033000-7f7a28000000 ---p 00000000 00:00 0 
7f7a28ab3000-7f7a28ab4000 ---p 00000000 00:00 0 
7f7a28ab4000-7f7a28bb4000 rw-p 00000000 00:00 0 
7f7a28bb4000-7f7a28bb5000 ---p 00000000 00:00 0 
7f7a28bb5000-7f7a28cb5000 rw-p 00000000 00:00 0 
7f7a28cb5000-7f7a28cb6000 ---p 00000000 00:00 0 
7f7a28cb6000-7f7a28dc1000 rw-p 00000000 00:00 0 
7f7a28dc1000-7f7a28e09000 rw-p 00000000 00:00 0 
7f7a28e09000-7f7a28e5d000 rw-p 00000000 00:00 0 
7f7a28e5d000-7f7a29343000 rw-p 00000000 00:00 0 
7f7a29343000-7f7a2934e000 rw-p 00000000 00:00 0 
7f7a2934e000-7f7a29396000 rw-p 00000000 00:00 0 
7f7a29396000-7f7a293ea000 rw-p 00000000 00:00 0 
7f7a293ea000-7f7a298d0000 rw-p 00000000 00:00 0 
7f7a298d0000-7f7a298fa000 rw-p 00000000 00:00 0 
7f7a298fa000-7f7a29b6d000 rw-p 00000000 00:00 0 
7f7a29b6d000-7f7a29b78000 rw-p 00000000 00:00 0 
7f7a29b78000-7f7a29c2e000 rw-p 00000000 00:00 0 
7f7a29c2e000-7f7a29c35000 r-xp 00000000 08:02 2031088                    /usr/lib/jvm/java-1.6.0-openjdk-1.6.0.0.x86_64/jre/lib/amd64/libzip.so
7f7a29c35000-7f7a29e34000 ---p 00007000 08:02 2031088                    /usr/lib/jvm/java-1.6.0-openjdk-1.6.0.0.x86_64/jre/lib/amd64/libzip.so
7f7a29e34000-7f7a29e35000 rw-p 00006000 08:02 2031088                    /usr/lib/jvm/java-1.6.0-openjdk-1.6.0.0.x86_64/jre/lib/amd64/libzip.so
7f7a29e35000-7f7a29e4b000 r-xp 00000000 08:02 1938177                    /lib64/libnsl-2.14.1.so
7f7a29e4b000-7f7a2a04a000 ---p 00016000 08:02 1938177                    /lib64/libnsl-2.14.1.so
7f7a2a04a000-7f7a2a04b000 r--p 00015000 08:02 1938177                    /lib64/libnsl-2.14.1.so
7f7a2a04b000-7f7a2a04c000 rw-p 00016000 08:02 1938177                    /lib64/libnsl-2.14.1.so
7f7a2a04c000-7f7a2a04e000 rw-p 00000000 00:00 0 
7f7a2a04e000-7f7a2a07a000 r-xp 00000000 08:02 2030363                    /usr/lib/jvm/java-1.6.0-openjdk-1.6.0.0.x86_64/jre/lib/amd64/libjava.so
7f7a2a07a000-7f7a2a279000 ---p 0002c000 08:02 2030363                    /usr/lib/jvm/java-1.6.0-openjdk-1.6.0.0.x86_64/jre/lib/amd64/libjava.so
7f7a2a279000-7f7a2a27d000 rw-p 0002b000 08:02 2030363                    /usr/lib/jvm/java-1.6.0-openjdk-1.6.0.0.x86_64/jre/lib/amd64/libjava.so
7f7a2a27d000-7f7a2a28b000 r-xp 00000000 08:02 2030480                    /usr/lib/jvm/java-1.6.0-openjdk-1.6.0.0.x86_64/jre/lib/amd64/libverify.so
7f7a2a28b000-7f7a2a48a000 ---p 0000e000 08:02 2030480                    /usr/lib/jvm/java-1.6.0-openjdk-1.6.0.0.x86_64/jre/lib/amd64/libverify.so
7f7a2a48a000-7f7a2a48c000 rw-p 0000d000 08:02 2030480                    /usr/lib/jvm/java-1.6.0-openjdk-1.6.0.0.x86_64/jre/lib/amd64/libverify.so
7f7a2a48c000-7f7a2a493000 r-xp 00000000 08:02 1938195                    /lib64/librt-2.14.1.so
7f7a2a493000-7f7a2a692000 ---p 00007000 08:02 1938195                    /lib64/librt-2.14.1.so
7f7a2a692000-7f7a2a693000 r--p 00006000 08:02 1938195                    /lib64/librt-2.14.1.so
7f7a2a693000-7f7a2a694000 rw-p 00007000 08:02 1938195                    /lib64/librt-2.14.1.so
7f7a2a694000-7f7a2a6a9000 r-xp 00000000 08:02 1938842                    /lib64/libgcc_s-4.6.1-20110908.so.1
7f7a2a6a9000-7f7a2a8a8000 ---p 00015000 08:02 1938842                    /lib64/libgcc_s-4.6.1-20110908.so.1
7f7a2a8a8000-7f7a2a8a9000 rw-p 00014000 08:02 1938842                    /lib64/libgcc_s-4.6.1-20110908.so.1
7f7a2a8a9000-7f7a2a92c000 r-xp 00000000 08:02 1938175                    /lib64/libm-2.14.1.so
7f7a2a92c000-7f7a2ab2b000 ---p 00083000 08:02 1938175                    /lib64/libm-2.14.1.so
7f7a2ab2b000-7f7a2ab2c000 r--p 00082000 08:02 1938175                    /lib64/libm-2.14.1.so
7f7a2ab2c000-7f7a2ab2d000 rw-p 00083000 08:02 1938175                    /lib64/libm-2.14.1.so
7f7a2ab2d000-7f7a2ac15000 r-xp 00000000 08:02 2054659                    /usr/lib64/libstdc++.so.6.0.16
7f7a2ac15000-7f7a2ae15000 ---p 000e8000 08:02 2054659                    /usr/lib64/libstdc++.so.6.0.16
7f7a2ae15000-7f7a2ae1d000 r--p 000e8000 08:02 2054659                    /usr/lib64/libstdc++.so.6.0.16
7f7a2ae1d000-7f7a2ae1f000 rw-p 000f0000 08:02 2054659                    /usr/lib64/libstdc++.so.6.0.16
7f7a2ae1f000-7f7a2ae34000 rw-p 00000000 00:00 0 
7f7a2ae34000-7f7a2b739000 r-xp 00000000 08:02 2030772                    /usr/lib/jvm/java-1.6.0-openjdk-1.6.0.0.x86_64/jre/lib/amd64/server/libjvm.so
7f7a2b739000-7f7a2b939000 ---p 00905000 08:02 2030772                    /usr/lib/jvm/java-1.6.0-openjdk-1.6.0.0.x86_64/jre/lib/amd64/server/libjvm.so
7f7a2b939000-7f7a2b9d4000 rw-p 00905000 08:02 2030772                    /usr/lib/jvm/java-1.6.0-openjdk-1.6.0.0.x86_64/jre/lib/amd64/server/libjvm.so
7f7a2b9d4000-7f7a2b9fd000 rw-p 00000000 00:00 0 
7f7a2b9fd000-7f7a2bb8d000 r-xp 00000000 08:02 1938167                    /lib64/libc-2.14.1.so
7f7a2bb8d000-7f7a2bd8c000 ---p 00190000 08:02 1938167                    /lib64/libc-2.14.1.so
7f7a2bd8c000-7f7a2bd90000 r--p 0018f000 08:02 1938167                    /lib64/libc-2.14.1.so
7f7a2bd90000-7f7a2bd91000 rw-p 00193000 08:02 1938167                    /lib64/libc-2.14.1.so
7f7a2bd91000-7f7a2bd97000 rw-p 00000000 00:00 0 
7f7a2bd97000-7f7a2bd99000 r-xp 00000000 08:02 1938173                    /lib64/libdl-2.14.1.so
7f7a2bd99000-7f7a2bf99000 ---p 00002000 08:02 1938173                    /lib64/libdl-2.14.1.so
7f7a2bf99000-7f7a2bf9a000 r--p 00002000 08:02 1938173                    /lib64/libdl-2.14.1.so
7f7a2bf9a000-7f7a2bf9b000 rw-p 00003000 08:02 1938173                    /lib64/libdl-2.14.1.so
7f7a2bf9b000-7f7a2bf9f000 r-xp 00000000 08:02 2030276                    /usr/lib/jvm/java-1.6.0-openjdk-1.6.0.0.x86_64/jre/lib/amd64/jli/libjli.so
7f7a2bf9f000-7f7a2c19e000 ---p 00004000 08:02 2030276                    /usr/lib/jvm/java-1.6.0-openjdk-1.6.0.0.x86_64/jre/lib/amd64/jli/libjli.so
7f7a2c19e000-7f7a2c19f000 rw-p 00003000 08:02 2030276                    /usr/lib/jvm/java-1.6.0-openjdk-1.6.0.0.x86_64/jre/lib/amd64/jli/libjli.so
7f7a2c19f000-7f7a2c1b5000 r-xp 00000000 08:02 1938191                    /lib64/libpthread-2.14.1.so
7f7a2c1b5000-7f7a2c3b4000 ---p 00016000 08:02 1938191                    /lib64/libpthread-2.14.1.so
7f7a2c3b4000-7f7a2c3b5000 r--p 00015000 08:02 1938191                    /lib64/libpthread-2.14.1.so
7f7a2c3b5000-7f7a2c3b6000 rw-p 00016000 08:02 1938191                    /lib64/libpthread-2.14.1.so
7f7a2c3b6000-7f7a2c3ba000 rw-p 00000000 00:00 0 
7f7a2c3ba000-7f7a2c3d0000 r-xp 00000000 08:02 1938200                    /lib64/libz.so.1.2.5
7f7a2c3d0000-7f7a2c5d0000 ---p 00016000 08:02 1938200                    /lib64/libz.so.1.2.5
7f7a2c5d0000-7f7a2c5d1000 rw-p 00016000 08:02 1938200                    /lib64/libz.so.1.2.5
7f7a2c5d1000-7f7a2c5f0000 r-xp 00000000 08:02 1938223                    /lib64/ld-2.14.1.so
7f7a2c63b000-7f7a2c6a5000 r--s 00000000 00:11 1033729                    /run/nscd/dbzIss4J (deleted)
7f7a2c6a5000-7f7a2c6a8000 ---p 00000000 00:00 0 
7f7a2c6a8000-7f7a2c7ab000 rw-p 00000000 00:00 0 
7f7a2c7e4000-7f7a2c7ec000 rw-s 00000000 08:02 556878                     /tmp/hsperfdata_budgaga/13964
7f7a2c7ec000-7f7a2c7ed000 rw-p 00000000 00:00 0 
7f7a2c7ed000-7f7a2c7ee000 r--p 00000000 00:00 0 
7f7a2c7ee000-7f7a2c7ef000 rw-p 00000000 00:00 0 
7f7a2c7ef000-7f7a2c7f0000 r--p 0001e000 08:02 1938223                    /lib64/ld-2.14.1.so
7f7a2c7f0000-7f7a2c7f1000 rw-p 0001f000 08:02 1938223                    /lib64/ld-2.14.1.so
7f7a2c7f1000-7f7a2c7f2000 rw-p 00000000 00:00 0 
7fff982f7000-7fff98318000 rw-p 00000000 00:00 0                          [stack]
7fff983ff000-7fff98400000 r-xp 00000000 00:00 0                          [vdso]
ffffffffff600000-ffffffffff601000 r-xp 00000000 00:00 0                  [vsyscall]

VM Arguments:
java_command: cs455/scaling/client/Client endive 8000 4
Launcher Type: SUN_STANDARD

Environment Variables:
PATH=/s/chopin/b/grad/budgaga/bin:/usr/ucb:/bin:/usr/bin:/usr/local/bin:/usr/bin/X11:/usr/X/bin:/usr/local/java/bin:/s/chopin/f/proj/eclipse:.
USERNAME=budgaga
LD_LIBRARY_PATH=/usr/lib/jvm/java-1.6.0-openjdk-1.6.0.0.x86_64/jre/lib/amd64/server:/usr/lib/jvm/java-1.6.0-openjdk-1.6.0.0.x86_64/jre/lib/amd64:/usr/lib/jvm/java-1.6.0-openjdk-1.6.0.0.x86_64/jre/../lib/amd64
SHELL=/bin/tcsh
DISPLAY=:0.0
HOSTTYPE=x86_64-linux
OSTYPE=linux
MACHTYPE=x86_64

Signal Handlers:
SIGSEGV: [libjvm.so+0x785a80], sa_mask[0]=0x7ffbfeff, sa_flags=0x10000004
SIGBUS: [libjvm.so+0x785a80], sa_mask[0]=0x7ffbfeff, sa_flags=0x10000004
SIGFPE: [libjvm.so+0x64a710], sa_mask[0]=0x7ffbfeff, sa_flags=0x10000004
SIGPIPE: [libjvm.so+0x64a710], sa_mask[0]=0x7ffbfeff, sa_flags=0x10000004
SIGXFSZ: [libjvm.so+0x64a710], sa_mask[0]=0x7ffbfeff, sa_flags=0x10000004
SIGILL: [libjvm.so+0x64a710], sa_mask[0]=0x7ffbfeff, sa_flags=0x10000004
SIGUSR1: SIG_DFL, sa_mask[0]=0x00000000, sa_flags=0x00000000
SIGUSR2: [libjvm.so+0x64a8a0], sa_mask[0]=0x00000000, sa_flags=0x10000004
SIGHUP: SIG_DFL, sa_mask[0]=0x00000000, sa_flags=0x00000000
SIGINT: SIG_DFL, sa_mask[0]=0x00000000, sa_flags=0x00000000
SIGTERM: SIG_DFL, sa_mask[0]=0x00000000, sa_flags=0x00000000
SIGQUIT: SIG_DFL, sa_mask[0]=0x00000000, sa_flags=0x00000000


---------------  S Y S T E M  ---------------

OS:Fedora release 15 (Lovelock)

uname:Linux 2.6.42.7-1.fc15.x86_64 #1 SMP Tue Feb 21 01:22:05 UTC 2012 x86_64
libc:glibc 2.14.1 NPTL 2.14.1 
rlimit: STACK 8192k, CORE 0k, NPROC 1024, NOFILE 4096, AS 15728641k
load average:3.63 3.58 3.33

/proc/meminfo:
MemTotal:       16436020 kB
MemFree:         7840304 kB
Buffers:          250588 kB
Cached:          4807888 kB
SwapCached:            0 kB
Active:          5529312 kB
Inactive:        2483728 kB
Active(anon):    2959076 kB
Inactive(anon):     4888 kB
Active(file):    2570236 kB
Inactive(file):  2478840 kB
Unevictable:           0 kB
Mlocked:               0 kB
SwapTotal:      16787888 kB
SwapFree:       16787888 kB
Dirty:              1748 kB
Writeback:             0 kB
AnonPages:       2952696 kB
Mapped:           137204 kB
Shmem:              9372 kB
Slab:             309136 kB
SReclaimable:     262032 kB
SUnreclaim:        47104 kB
KernelStack:       10088 kB
PageTables:        36540 kB
NFS_Unstable:          0 kB
Bounce:                0 kB
WritebackTmp:          0 kB
CommitLimit:    25005896 kB
Committed_AS:   17202084 kB
VmallocTotal:   34359738367 kB
VmallocUsed:      357756 kB
VmallocChunk:   34359375868 kB
HardwareCorrupted:     0 kB
AnonHugePages:   2197504 kB
HugePages_Total:       0
HugePages_Free:        0
HugePages_Rsvd:        0
HugePages_Surp:        0
Hugepagesize:       2048 kB
DirectMap4k:      184072 kB
DirectMap2M:    16592896 kB


CPU:total 8 (4 cores per cpu, 1 threads per core) family 6 model 23 stepping 6, cmov, cx8, fxsr, mmx, sse, sse2, sse3, ssse3, sse4.1

Memory: 4k page, physical 16436020k(7840304k free), swap 16787888k(16787888k free)

vm_info: OpenJDK 64-Bit Server VM (20.0-b11) for linux-amd64 JRE (1.6.0_22-b22), built on Feb 15 2012 07:55:22 by "mockbuild" with gcc 4.6.1 20110908 (Red Hat 4.6.1-9)

time: Mon Mar 12 17:10:33 2012
elapsed time: 0 seconds

